2015-11-25 14:47:59,182 [Worker-7] INFO  o.e.m.c.i.l.LifecycleMappingFactory - Using NULL lifecycle mapping for MavenProject: cn.gyyx.demo:demo-root:0.0.1 @ E:\WorkSpace\cn.gyyx.demo\demo-root\pom.xml.
2015-11-25 14:48:00,398 [Worker-6] INFO  o.e.m.c.i.l.LifecycleMappingFactory - Using NULL lifecycle mapping for MavenProject: cn.gyyx.demo:demo-root:0.0.1 @ E:\WorkSpace\cn.gyyx.demo\demo-root\pom.xml.
2015-11-25 14:49:43,182 [Worker-17] INFO  o.e.m.c.i.p.ProjectConfigurationManager - Collecting project info '/pom.xml' E:\WorkSpace\cn.gyyx.demo\demo-root\demo-service\pom.xml
2015-11-25 14:49:43,594 [Worker-17] INFO  o.e.m.c.i.l.LifecycleMappingFactory - Using org.eclipse.m2e.jdt.JarLifecycleMapping lifecycle mapping for MavenProject: cn.gyyx.demo:demo-service:0.0.1 @ E:\WorkSpace\cn.gyyx.demo\demo-root\demo-service\pom.xml.
2015-11-25 14:49:44,061 [Worker-17] INFO  o.e.m.j.i.AbstractJavaProjectConfigurator - Adding source folder /demo-service/src/main/java
2015-11-25 14:49:44,064 [Worker-17] INFO  o.e.m.j.i.AbstractJavaProjectConfigurator - Adding source folder /demo-service/src/test/java
2015-11-25 14:49:44,123 [Worker-17] INFO  o.e.m.c.i.p.ProjectConfigurationManager - Project import completed 0 sec
2015-11-25 14:49:44,209 [Worker-17] ERROR o.e.m.c.u.i.w.MavenModuleWizard - Cannot add module to parent POM
java.lang.NullPointerException: null
	at org.eclipse.m2e.core.ui.internal.editing.PomEdits.getChild(PomEdits.java:279) ~[org.eclipse.m2e.core.ui_1.4.1.20140328-1905.jar:na]
	at org.eclipse.m2e.core.ui.internal.wizards.MavenModuleWizard$7$1.process(MavenModuleWizard.java:280) ~[org.eclipse.m2e.core.ui_1.4.1.20140328-1905.jar:na]
	at org.eclipse.m2e.core.ui.internal.editing.PomEdits.performOnDOMDocument(PomEdits.java:460) ~[org.eclipse.m2e.core.ui_1.4.1.20140328-1905.jar:na]
	at org.eclipse.m2e.core.ui.internal.wizards.MavenModuleWizard$7.done(MavenModuleWizard.java:277) ~[org.eclipse.m2e.core.ui_1.4.1.20140328-1905.jar:na]
	at org.eclipse.core.internal.jobs.JobListeners$3.notify(JobListeners.java:39) [org.eclipse.core.jobs_3.5.300.v20130429-1813.jar:na]
	at org.eclipse.core.internal.jobs.JobListeners.doNotify(JobListeners.java:112) [org.eclipse.core.jobs_3.5.300.v20130429-1813.jar:na]
	at org.eclipse.core.internal.jobs.JobListeners.done(JobListeners.java:152) [org.eclipse.core.jobs_3.5.300.v20130429-1813.jar:na]
	at org.eclipse.core.internal.jobs.JobManager.endJob(JobManager.java:647) [org.eclipse.core.jobs_3.5.300.v20130429-1813.jar:na]
	at org.eclipse.core.internal.jobs.WorkerPool.endJob(WorkerPool.java:105) [org.eclipse.core.jobs_3.5.300.v20130429-1813.jar:na]
	at org.eclipse.core.internal.jobs.Worker.run(Worker.java:70) [org.eclipse.core.jobs_3.5.300.v20130429-1813.jar:na]
2015-11-25 14:49:44,766 [Worker-19] INFO  o.e.m.c.i.l.LifecycleMappingFactory - Using org.eclipse.m2e.jdt.JarLifecycleMapping lifecycle mapping for MavenProject: cn.gyyx.demo:demo-service:0.0.1 @ E:\WorkSpace\cn.gyyx.demo\demo-root\demo-service\pom.xml.
2015-11-25 14:49:45,020 [Worker-19] INFO  o.e.m.c.i.embedder.EclipseLogger - Using 'UTF-8' encoding to copy filtered resources.
2015-11-25 14:49:45,020 [Worker-19] INFO  o.e.m.c.i.embedder.EclipseLogger - skip non existing resourceDirectory E:\WorkSpace\cn.gyyx.demo\demo-root\demo-service\src\main\resources
2015-11-25 14:49:45,022 [Worker-19] INFO  o.e.m.c.i.embedder.EclipseLogger - Using 'UTF-8' encoding to copy filtered resources.
2015-11-25 14:49:45,023 [Worker-19] INFO  o.e.m.c.i.embedder.EclipseLogger - skip non existing resourceDirectory E:\WorkSpace\cn.gyyx.demo\demo-root\demo-service\src\test\resources
2015-11-25 14:49:45,225 [Worker-19] INFO  o.e.m.c.i.l.LifecycleMappingFactory - Using org.eclipse.m2e.jdt.JarLifecycleMapping lifecycle mapping for MavenProject: cn.gyyx.demo:demo-service:0.0.1 @ E:\WorkSpace\cn.gyyx.demo\demo-root\demo-service\pom.xml.
2015-11-25 14:49:46,227 [Worker-19] INFO  o.e.m.c.i.embedder.EclipseLogger - Using 'UTF-8' encoding to copy filtered resources.
2015-11-25 14:49:46,227 [Worker-19] INFO  o.e.m.c.i.embedder.EclipseLogger - skip non existing resourceDirectory E:\WorkSpace\cn.gyyx.demo\demo-root\demo-service\src\main\resources
2015-11-25 14:49:46,228 [Worker-19] INFO  o.e.m.c.i.embedder.EclipseLogger - Using 'UTF-8' encoding to copy filtered resources.
2015-11-25 14:49:46,228 [Worker-19] INFO  o.e.m.c.i.embedder.EclipseLogger - skip non existing resourceDirectory E:\WorkSpace\cn.gyyx.demo\demo-root\demo-service\src\test\resources
2015-11-25 14:50:09,828 [Worker-19] INFO  o.e.m.c.i.p.ProjectConfigurationManager - Collecting project info '/pom.xml' E:\WorkSpace\cn.gyyx.demo\demo-root\demo-dao\pom.xml
2015-11-25 14:50:09,880 [Worker-19] INFO  o.e.m.c.i.l.LifecycleMappingFactory - Using org.eclipse.m2e.jdt.JarLifecycleMapping lifecycle mapping for MavenProject: cn.gyyx.demo:demo-dao:0.0.1 @ E:\WorkSpace\cn.gyyx.demo\demo-root\demo-dao\pom.xml.
2015-11-25 14:50:10,040 [Worker-19] INFO  o.e.m.j.i.AbstractJavaProjectConfigurator - Adding source folder /demo-dao/src/main/java
2015-11-25 14:50:10,045 [Worker-19] INFO  o.e.m.j.i.AbstractJavaProjectConfigurator - Adding source folder /demo-dao/src/test/java
2015-11-25 14:50:10,080 [Worker-19] INFO  o.e.m.c.i.p.ProjectConfigurationManager - Project import completed 0 sec
2015-11-25 14:50:10,105 [Worker-19] ERROR o.e.m.c.u.i.w.MavenModuleWizard - Cannot add module to parent POM
java.lang.NullPointerException: null
	at org.eclipse.m2e.core.ui.internal.editing.PomEdits.getChild(PomEdits.java:279) ~[org.eclipse.m2e.core.ui_1.4.1.20140328-1905.jar:na]
	at org.eclipse.m2e.core.ui.internal.wizards.MavenModuleWizard$7$1.process(MavenModuleWizard.java:280) ~[org.eclipse.m2e.core.ui_1.4.1.20140328-1905.jar:na]
	at org.eclipse.m2e.core.ui.internal.editing.PomEdits.performOnDOMDocument(PomEdits.java:460) ~[org.eclipse.m2e.core.ui_1.4.1.20140328-1905.jar:na]
	at org.eclipse.m2e.core.ui.internal.wizards.MavenModuleWizard$7.done(MavenModuleWizard.java:277) ~[org.eclipse.m2e.core.ui_1.4.1.20140328-1905.jar:na]
	at org.eclipse.core.internal.jobs.JobListeners$3.notify(JobListeners.java:39) [org.eclipse.core.jobs_3.5.300.v20130429-1813.jar:na]
	at org.eclipse.core.internal.jobs.JobListeners.doNotify(JobListeners.java:112) [org.eclipse.core.jobs_3.5.300.v20130429-1813.jar:na]
	at org.eclipse.core.internal.jobs.JobListeners.done(JobListeners.java:152) [org.eclipse.core.jobs_3.5.300.v20130429-1813.jar:na]
	at org.eclipse.core.internal.jobs.JobManager.endJob(JobManager.java:647) [org.eclipse.core.jobs_3.5.300.v20130429-1813.jar:na]
	at org.eclipse.core.internal.jobs.WorkerPool.endJob(WorkerPool.java:105) [org.eclipse.core.jobs_3.5.300.v20130429-1813.jar:na]
	at org.eclipse.core.internal.jobs.Worker.run(Worker.java:70) [org.eclipse.core.jobs_3.5.300.v20130429-1813.jar:na]
2015-11-25 14:50:10,360 [Worker-12] INFO  o.e.m.c.i.l.LifecycleMappingFactory - Using org.eclipse.m2e.jdt.JarLifecycleMapping lifecycle mapping for MavenProject: cn.gyyx.demo:demo-dao:0.0.1 @ E:\WorkSpace\cn.gyyx.demo\demo-root\demo-dao\pom.xml.
2015-11-25 14:50:10,503 [Worker-12] INFO  o.e.m.c.i.embedder.EclipseLogger - Using 'UTF-8' encoding to copy filtered resources.
2015-11-25 14:50:10,503 [Worker-12] INFO  o.e.m.c.i.embedder.EclipseLogger - skip non existing resourceDirectory E:\WorkSpace\cn.gyyx.demo\demo-root\demo-dao\src\main\resources
2015-11-25 14:50:10,505 [Worker-12] INFO  o.e.m.c.i.embedder.EclipseLogger - Using 'UTF-8' encoding to copy filtered resources.
2015-11-25 14:50:10,505 [Worker-12] INFO  o.e.m.c.i.embedder.EclipseLogger - skip non existing resourceDirectory E:\WorkSpace\cn.gyyx.demo\demo-root\demo-dao\src\test\resources
2015-11-25 14:50:11,189 [Worker-12] INFO  o.e.m.c.i.l.LifecycleMappingFactory - Using org.eclipse.m2e.jdt.JarLifecycleMapping lifecycle mapping for MavenProject: cn.gyyx.demo:demo-dao:0.0.1 @ E:\WorkSpace\cn.gyyx.demo\demo-root\demo-dao\pom.xml.
2015-11-25 14:50:11,593 [Worker-19] INFO  o.e.m.c.i.embedder.EclipseLogger - Using 'UTF-8' encoding to copy filtered resources.
2015-11-25 14:50:11,593 [Worker-19] INFO  o.e.m.c.i.embedder.EclipseLogger - skip non existing resourceDirectory E:\WorkSpace\cn.gyyx.demo\demo-root\demo-dao\src\main\resources
2015-11-25 14:50:11,596 [Worker-19] INFO  o.e.m.c.i.embedder.EclipseLogger - Using 'UTF-8' encoding to copy filtered resources.
2015-11-25 14:50:11,596 [Worker-19] INFO  o.e.m.c.i.embedder.EclipseLogger - skip non existing resourceDirectory E:\WorkSpace\cn.gyyx.demo\demo-root\demo-dao\src\test\resources
2015-11-25 14:50:55,383 [Worker-21] INFO  o.e.m.c.i.p.ProjectConfigurationManager - Collecting project info '/pom.xml' E:\WorkSpace\cn.gyyx.demo\demo-root\demo-beans\pom.xml
2015-11-25 14:50:55,433 [Worker-21] INFO  o.e.m.c.i.l.LifecycleMappingFactory - Using org.eclipse.m2e.jdt.JarLifecycleMapping lifecycle mapping for MavenProject: cn.gyyx.demo:demo-beans:0.0.1 @ E:\WorkSpace\cn.gyyx.demo\demo-root\demo-beans\pom.xml.
2015-11-25 14:50:55,525 [Worker-21] INFO  o.e.m.j.i.AbstractJavaProjectConfigurator - Adding source folder /demo-beans/src/main/java
2015-11-25 14:50:55,527 [Worker-21] INFO  o.e.m.j.i.AbstractJavaProjectConfigurator - Adding source folder /demo-beans/src/test/java
2015-11-25 14:50:55,558 [Worker-21] INFO  o.e.m.c.i.p.ProjectConfigurationManager - Project import completed 0 sec
2015-11-25 14:50:55,579 [Worker-21] ERROR o.e.m.c.u.i.w.MavenModuleWizard - Cannot add module to parent POM
java.lang.NullPointerException: null
	at org.eclipse.m2e.core.ui.internal.editing.PomEdits.getChild(PomEdits.java:279) ~[org.eclipse.m2e.core.ui_1.4.1.20140328-1905.jar:na]
	at org.eclipse.m2e.core.ui.internal.wizards.MavenModuleWizard$7$1.process(MavenModuleWizard.java:280) ~[org.eclipse.m2e.core.ui_1.4.1.20140328-1905.jar:na]
	at org.eclipse.m2e.core.ui.internal.editing.PomEdits.performOnDOMDocument(PomEdits.java:460) ~[org.eclipse.m2e.core.ui_1.4.1.20140328-1905.jar:na]
	at org.eclipse.m2e.core.ui.internal.wizards.MavenModuleWizard$7.done(MavenModuleWizard.java:277) ~[org.eclipse.m2e.core.ui_1.4.1.20140328-1905.jar:na]
	at org.eclipse.core.internal.jobs.JobListeners$3.notify(JobListeners.java:39) [org.eclipse.core.jobs_3.5.300.v20130429-1813.jar:na]
	at org.eclipse.core.internal.jobs.JobListeners.doNotify(JobListeners.java:112) [org.eclipse.core.jobs_3.5.300.v20130429-1813.jar:na]
	at org.eclipse.core.internal.jobs.JobListeners.done(JobListeners.java:152) [org.eclipse.core.jobs_3.5.300.v20130429-1813.jar:na]
	at org.eclipse.core.internal.jobs.JobManager.endJob(JobManager.java:647) [org.eclipse.core.jobs_3.5.300.v20130429-1813.jar:na]
	at org.eclipse.core.internal.jobs.WorkerPool.endJob(WorkerPool.java:105) [org.eclipse.core.jobs_3.5.300.v20130429-1813.jar:na]
	at org.eclipse.core.internal.jobs.Worker.run(Worker.java:70) [org.eclipse.core.jobs_3.5.300.v20130429-1813.jar:na]
2015-11-25 14:50:55,810 [Worker-20] INFO  o.e.m.c.i.l.LifecycleMappingFactory - Using org.eclipse.m2e.jdt.JarLifecycleMapping lifecycle mapping for MavenProject: cn.gyyx.demo:demo-beans:0.0.1 @ E:\WorkSpace\cn.gyyx.demo\demo-root\demo-beans\pom.xml.
2015-11-25 14:50:55,968 [Worker-20] INFO  o.e.m.c.i.embedder.EclipseLogger - Using 'UTF-8' encoding to copy filtered resources.
2015-11-25 14:50:55,968 [Worker-20] INFO  o.e.m.c.i.embedder.EclipseLogger - skip non existing resourceDirectory E:\WorkSpace\cn.gyyx.demo\demo-root\demo-beans\src\main\resources
2015-11-25 14:50:55,970 [Worker-20] INFO  o.e.m.c.i.embedder.EclipseLogger - Using 'UTF-8' encoding to copy filtered resources.
2015-11-25 14:50:55,970 [Worker-20] INFO  o.e.m.c.i.embedder.EclipseLogger - skip non existing resourceDirectory E:\WorkSpace\cn.gyyx.demo\demo-root\demo-beans\src\test\resources
2015-11-25 14:50:56,689 [Worker-8] INFO  o.e.m.c.i.l.LifecycleMappingFactory - Using org.eclipse.m2e.jdt.JarLifecycleMapping lifecycle mapping for MavenProject: cn.gyyx.demo:demo-beans:0.0.1 @ E:\WorkSpace\cn.gyyx.demo\demo-root\demo-beans\pom.xml.
2015-11-25 14:50:57,039 [Worker-19] INFO  o.e.m.c.i.embedder.EclipseLogger - Using 'UTF-8' encoding to copy filtered resources.
2015-11-25 14:50:57,039 [Worker-19] INFO  o.e.m.c.i.embedder.EclipseLogger - skip non existing resourceDirectory E:\WorkSpace\cn.gyyx.demo\demo-root\demo-beans\src\main\resources
2015-11-25 14:50:57,041 [Worker-19] INFO  o.e.m.c.i.embedder.EclipseLogger - Using 'UTF-8' encoding to copy filtered resources.
2015-11-25 14:50:57,041 [Worker-19] INFO  o.e.m.c.i.embedder.EclipseLogger - skip non existing resourceDirectory E:\WorkSpace\cn.gyyx.demo\demo-root\demo-beans\src\test\resources
2015-11-25 14:51:19,333 [Worker-20] INFO  o.e.m.c.i.p.ProjectConfigurationManager - Collecting project info '/pom.xml' E:\WorkSpace\cn.gyyx.demo\demo-root\demo-bll\pom.xml
2015-11-25 14:51:19,386 [Worker-20] INFO  o.e.m.c.i.l.LifecycleMappingFactory - Using org.eclipse.m2e.jdt.JarLifecycleMapping lifecycle mapping for MavenProject: cn.gyyx.demo:demo-bll:0.0.1 @ E:\WorkSpace\cn.gyyx.demo\demo-root\demo-bll\pom.xml.
2015-11-25 14:51:19,498 [Worker-20] INFO  o.e.m.j.i.AbstractJavaProjectConfigurator - Adding source folder /demo-bll/src/main/java
2015-11-25 14:51:19,500 [Worker-20] INFO  o.e.m.j.i.AbstractJavaProjectConfigurator - Adding source folder /demo-bll/src/test/java
2015-11-25 14:51:19,530 [Worker-20] INFO  o.e.m.c.i.p.ProjectConfigurationManager - Project import completed 0 sec
2015-11-25 14:51:19,554 [Worker-20] ERROR o.e.m.c.u.i.w.MavenModuleWizard - Cannot add module to parent POM
java.lang.NullPointerException: null
	at org.eclipse.m2e.core.ui.internal.editing.PomEdits.getChild(PomEdits.java:279) ~[org.eclipse.m2e.core.ui_1.4.1.20140328-1905.jar:na]
	at org.eclipse.m2e.core.ui.internal.wizards.MavenModuleWizard$7$1.process(MavenModuleWizard.java:280) ~[org.eclipse.m2e.core.ui_1.4.1.20140328-1905.jar:na]
	at org.eclipse.m2e.core.ui.internal.editing.PomEdits.performOnDOMDocument(PomEdits.java:460) ~[org.eclipse.m2e.core.ui_1.4.1.20140328-1905.jar:na]
	at org.eclipse.m2e.core.ui.internal.wizards.MavenModuleWizard$7.done(MavenModuleWizard.java:277) ~[org.eclipse.m2e.core.ui_1.4.1.20140328-1905.jar:na]
	at org.eclipse.core.internal.jobs.JobListeners$3.notify(JobListeners.java:39) [org.eclipse.core.jobs_3.5.300.v20130429-1813.jar:na]
	at org.eclipse.core.internal.jobs.JobListeners.doNotify(JobListeners.java:112) [org.eclipse.core.jobs_3.5.300.v20130429-1813.jar:na]
	at org.eclipse.core.internal.jobs.JobListeners.done(JobListeners.java:152) [org.eclipse.core.jobs_3.5.300.v20130429-1813.jar:na]
	at org.eclipse.core.internal.jobs.JobManager.endJob(JobManager.java:647) [org.eclipse.core.jobs_3.5.300.v20130429-1813.jar:na]
	at org.eclipse.core.internal.jobs.WorkerPool.endJob(WorkerPool.java:105) [org.eclipse.core.jobs_3.5.300.v20130429-1813.jar:na]
	at org.eclipse.core.internal.jobs.Worker.run(Worker.java:70) [org.eclipse.core.jobs_3.5.300.v20130429-1813.jar:na]
2015-11-25 14:51:19,787 [Worker-18] INFO  o.e.m.c.i.l.LifecycleMappingFactory - Using org.eclipse.m2e.jdt.JarLifecycleMapping lifecycle mapping for MavenProject: cn.gyyx.demo:demo-bll:0.0.1 @ E:\WorkSpace\cn.gyyx.demo\demo-root\demo-bll\pom.xml.
2015-11-25 14:51:19,950 [Worker-18] INFO  o.e.m.c.i.embedder.EclipseLogger - Using 'UTF-8' encoding to copy filtered resources.
2015-11-25 14:51:19,951 [Worker-18] INFO  o.e.m.c.i.embedder.EclipseLogger - skip non existing resourceDirectory E:\WorkSpace\cn.gyyx.demo\demo-root\demo-bll\src\main\resources
2015-11-25 14:51:19,952 [Worker-18] INFO  o.e.m.c.i.embedder.EclipseLogger - Using 'UTF-8' encoding to copy filtered resources.
2015-11-25 14:51:19,953 [Worker-18] INFO  o.e.m.c.i.embedder.EclipseLogger - skip non existing resourceDirectory E:\WorkSpace\cn.gyyx.demo\demo-root\demo-bll\src\test\resources
2015-11-25 14:51:20,656 [Worker-19] INFO  o.e.m.c.i.l.LifecycleMappingFactory - Using org.eclipse.m2e.jdt.JarLifecycleMapping lifecycle mapping for MavenProject: cn.gyyx.demo:demo-bll:0.0.1 @ E:\WorkSpace\cn.gyyx.demo\demo-root\demo-bll\pom.xml.
2015-11-25 14:51:21,019 [Worker-12] INFO  o.e.m.c.i.embedder.EclipseLogger - Using 'UTF-8' encoding to copy filtered resources.
2015-11-25 14:51:21,020 [Worker-12] INFO  o.e.m.c.i.embedder.EclipseLogger - skip non existing resourceDirectory E:\WorkSpace\cn.gyyx.demo\demo-root\demo-bll\src\main\resources
2015-11-25 14:51:21,024 [Worker-12] INFO  o.e.m.c.i.embedder.EclipseLogger - Using 'UTF-8' encoding to copy filtered resources.
2015-11-25 14:51:21,024 [Worker-12] INFO  o.e.m.c.i.embedder.EclipseLogger - skip non existing resourceDirectory E:\WorkSpace\cn.gyyx.demo\demo-root\demo-bll\src\test\resources
2015-11-25 14:53:57,913 [Worker-19] INFO  o.e.m.c.i.l.LifecycleMappingFactory - Using org.maven.ide.eclipse.wtp.WarLifecycleMapping lifecycle mapping for MavenProject: cn.gyyx:demo:1.0.0-BUILD-SNAPSHOT @ E:\WorkSpace\cn.gyyx.demo\demo-root\demo-ui\pom.xml.
2015-11-25 14:53:57,913 [Worker-6] INFO  o.e.m.c.i.l.LifecycleMappingFactory - Using org.maven.ide.eclipse.wtp.WarLifecycleMapping lifecycle mapping for MavenProject: cn.gyyx:demo:1.0.0-BUILD-SNAPSHOT @ E:\WorkSpace\cn.gyyx.demo\demo-root\demo-ui\pom.xml.
2015-11-25 14:53:59,381 [Worker-6] WARN  o.e.m.c.i.embedder.EclipseLogger - Using platform encoding (GBK actually) to copy filtered resources, i.e. build is platform dependent!
2015-11-25 14:53:59,386 [Worker-6] INFO  o.e.m.c.i.embedder.EclipseLogger - Copying 1 resource
2015-11-25 14:53:59,396 [Worker-6] WARN  o.e.m.c.i.embedder.EclipseLogger - Using platform encoding (GBK actually) to copy filtered resources, i.e. build is platform dependent!
2015-11-25 14:53:59,396 [Worker-6] INFO  o.e.m.c.i.embedder.EclipseLogger - Copying 1 resource
2015-11-25 14:54:01,049 [Worker-24] INFO  o.e.m.c.i.l.LifecycleMappingFactory - Using org.maven.ide.eclipse.wtp.WarLifecycleMapping lifecycle mapping for MavenProject: cn.gyyx:demo:1.0.0-BUILD-SNAPSHOT @ E:\WorkSpace\cn.gyyx.demo\demo-root\demo-ui\pom.xml.
2015-11-25 14:54:01,597 [Worker-8] WARN  o.e.m.c.i.embedder.EclipseLogger - Using platform encoding (GBK actually) to copy filtered resources, i.e. build is platform dependent!
2015-11-25 14:54:01,598 [Worker-8] INFO  o.e.m.c.i.embedder.EclipseLogger - Copying 1 resource
2015-11-25 14:54:01,600 [Worker-8] WARN  o.e.m.c.i.embedder.EclipseLogger - Using platform encoding (GBK actually) to copy filtered resources, i.e. build is platform dependent!
2015-11-25 14:54:01,601 [Worker-8] INFO  o.e.m.c.i.embedder.EclipseLogger - Copying 1 resource
2015-11-25 14:54:02,286 [Worker-8] WARN  o.e.m.c.i.embedder.EclipseLogger - Using platform encoding (GBK actually) to copy filtered resources, i.e. build is platform dependent!
2015-11-25 14:54:02,289 [Worker-8] INFO  o.e.m.c.i.embedder.EclipseLogger - Copying 0 resource
2015-11-25 14:54:02,290 [Worker-8] WARN  o.e.m.c.i.embedder.EclipseLogger - Using platform encoding (GBK actually) to copy filtered resources, i.e. build is platform dependent!
2015-11-25 14:54:02,291 [Worker-8] INFO  o.e.m.c.i.embedder.EclipseLogger - Copying 0 resource
2015-11-25 14:54:30,778 [Worker-6] INFO  o.e.m.c.i.l.LifecycleMappingFactory - Using NULL lifecycle mapping for MavenProject: cn.gyyx.demo:demo-root:0.0.1 @ E:\WorkSpace\cn.gyyx.demo\demo-root\pom.xml.
2015-11-25 14:54:30,800 [Worker-6] INFO  o.e.m.c.i.l.LifecycleMappingFactory - Using org.eclipse.m2e.jdt.JarLifecycleMapping lifecycle mapping for MavenProject: cn.gyyx.demo:demo-service:0.0.1 @ E:\WorkSpace\cn.gyyx.demo\demo-root\demo-service\pom.xml.
2015-11-25 14:54:30,819 [Worker-6] INFO  o.e.m.c.i.l.LifecycleMappingFactory - Using org.eclipse.m2e.jdt.JarLifecycleMapping lifecycle mapping for MavenProject: cn.gyyx.demo:demo-dao:0.0.1 @ E:\WorkSpace\cn.gyyx.demo\demo-root\demo-dao\pom.xml.
2015-11-25 14:54:30,836 [Worker-6] INFO  o.e.m.c.i.l.LifecycleMappingFactory - Using org.eclipse.m2e.jdt.JarLifecycleMapping lifecycle mapping for MavenProject: cn.gyyx.demo:demo-beans:0.0.1 @ E:\WorkSpace\cn.gyyx.demo\demo-root\demo-beans\pom.xml.
2015-11-25 14:54:30,853 [Worker-6] INFO  o.e.m.c.i.l.LifecycleMappingFactory - Using org.eclipse.m2e.jdt.JarLifecycleMapping lifecycle mapping for MavenProject: cn.gyyx.demo:demo-bll:0.0.1 @ E:\WorkSpace\cn.gyyx.demo\demo-root\demo-bll\pom.xml.
2015-11-25 14:54:31,070 [Worker-6] INFO  o.e.m.c.i.embedder.EclipseLogger - Using 'UTF-8' encoding to copy filtered resources.
2015-11-25 14:54:31,070 [Worker-6] INFO  o.e.m.c.i.embedder.EclipseLogger - skip non existing resourceDirectory E:\WorkSpace\cn.gyyx.demo\demo-root\demo-service\src\main\resources
2015-11-25 14:54:31,071 [Worker-6] INFO  o.e.m.c.i.embedder.EclipseLogger - Using 'UTF-8' encoding to copy filtered resources.
2015-11-25 14:54:31,071 [Worker-6] INFO  o.e.m.c.i.embedder.EclipseLogger - skip non existing resourceDirectory E:\WorkSpace\cn.gyyx.demo\demo-root\demo-service\src\test\resources
2015-11-25 14:54:32,258 [Worker-23] INFO  o.e.m.c.i.embedder.EclipseLogger - Using 'UTF-8' encoding to copy filtered resources.
2015-11-25 14:54:32,258 [Worker-23] INFO  o.e.m.c.i.embedder.EclipseLogger - skip non existing resourceDirectory E:\WorkSpace\cn.gyyx.demo\demo-root\demo-beans\src\main\resources
2015-11-25 14:54:32,259 [Worker-23] INFO  o.e.m.c.i.embedder.EclipseLogger - Using 'UTF-8' encoding to copy filtered resources.
2015-11-25 14:54:32,259 [Worker-23] INFO  o.e.m.c.i.embedder.EclipseLogger - skip non existing resourceDirectory E:\WorkSpace\cn.gyyx.demo\demo-root\demo-beans\src\test\resources
2015-11-25 14:54:32,269 [Worker-23] INFO  o.e.m.c.i.embedder.EclipseLogger - Using 'UTF-8' encoding to copy filtered resources.
2015-11-25 14:54:32,269 [Worker-23] INFO  o.e.m.c.i.embedder.EclipseLogger - skip non existing resourceDirectory E:\WorkSpace\cn.gyyx.demo\demo-root\demo-bll\src\main\resources
2015-11-25 14:54:32,270 [Worker-23] INFO  o.e.m.c.i.embedder.EclipseLogger - Using 'UTF-8' encoding to copy filtered resources.
2015-11-25 14:54:32,270 [Worker-23] INFO  o.e.m.c.i.embedder.EclipseLogger - skip non existing resourceDirectory E:\WorkSpace\cn.gyyx.demo\demo-root\demo-bll\src\test\resources
2015-11-25 14:54:32,281 [Worker-23] INFO  o.e.m.c.i.embedder.EclipseLogger - Using 'UTF-8' encoding to copy filtered resources.
2015-11-25 14:54:32,281 [Worker-23] INFO  o.e.m.c.i.embedder.EclipseLogger - skip non existing resourceDirectory E:\WorkSpace\cn.gyyx.demo\demo-root\demo-dao\src\main\resources
2015-11-25 14:54:32,282 [Worker-23] INFO  o.e.m.c.i.embedder.EclipseLogger - Using 'UTF-8' encoding to copy filtered resources.
2015-11-25 14:54:32,282 [Worker-23] INFO  o.e.m.c.i.embedder.EclipseLogger - skip non existing resourceDirectory E:\WorkSpace\cn.gyyx.demo\demo-root\demo-dao\src\test\resources
2015-11-25 14:54:57,192 [Worker-20] INFO  o.e.m.c.i.l.LifecycleMappingFactory - Using NULL lifecycle mapping for MavenProject: cn.gyyx.demo:demo-root:0.0.1 @ E:\WorkSpace\cn.gyyx.demo\demo-root\pom.xml.
2015-11-25 14:54:57,210 [Worker-20] INFO  o.e.m.c.i.l.LifecycleMappingFactory - Using org.eclipse.m2e.jdt.JarLifecycleMapping lifecycle mapping for MavenProject: cn.gyyx.demo:demo-bll:0.0.1 @ E:\WorkSpace\cn.gyyx.demo\demo-root\demo-bll\pom.xml.
2015-11-25 14:54:57,228 [Worker-20] INFO  o.e.m.c.i.l.LifecycleMappingFactory - Using org.eclipse.m2e.jdt.JarLifecycleMapping lifecycle mapping for MavenProject: cn.gyyx.demo:demo-beans:0.0.1 @ E:\WorkSpace\cn.gyyx.demo\demo-root\demo-beans\pom.xml.
2015-11-25 14:54:57,247 [Worker-20] INFO  o.e.m.c.i.l.LifecycleMappingFactory - Using org.eclipse.m2e.jdt.JarLifecycleMapping lifecycle mapping for MavenProject: cn.gyyx.demo:demo-dao:0.0.1 @ E:\WorkSpace\cn.gyyx.demo\demo-root\demo-dao\pom.xml.
2015-11-25 14:54:57,265 [Worker-20] INFO  o.e.m.c.i.l.LifecycleMappingFactory - Using org.eclipse.m2e.jdt.JarLifecycleMapping lifecycle mapping for MavenProject: cn.gyyx.demo:demo-service:0.0.1 @ E:\WorkSpace\cn.gyyx.demo\demo-root\demo-service\pom.xml.
2015-11-25 14:54:57,484 [Worker-20] INFO  o.e.m.c.i.embedder.EclipseLogger - Using 'UTF-8' encoding to copy filtered resources.
2015-11-25 14:54:57,484 [Worker-20] INFO  o.e.m.c.i.embedder.EclipseLogger - skip non existing resourceDirectory E:\WorkSpace\cn.gyyx.demo\demo-root\demo-service\src\main\resources
2015-11-25 14:54:57,486 [Worker-20] INFO  o.e.m.c.i.embedder.EclipseLogger - Using 'UTF-8' encoding to copy filtered resources.
2015-11-25 14:54:57,486 [Worker-20] INFO  o.e.m.c.i.embedder.EclipseLogger - skip non existing resourceDirectory E:\WorkSpace\cn.gyyx.demo\demo-root\demo-service\src\test\resources
2015-11-25 14:54:58,653 [Worker-24] INFO  o.e.m.c.i.embedder.EclipseLogger - Using 'UTF-8' encoding to copy filtered resources.
2015-11-25 14:54:58,653 [Worker-24] INFO  o.e.m.c.i.embedder.EclipseLogger - skip non existing resourceDirectory E:\WorkSpace\cn.gyyx.demo\demo-root\demo-beans\src\main\resources
2015-11-25 14:54:58,656 [Worker-24] INFO  o.e.m.c.i.embedder.EclipseLogger - Using 'UTF-8' encoding to copy filtered resources.
2015-11-25 14:54:58,656 [Worker-24] INFO  o.e.m.c.i.embedder.EclipseLogger - skip non existing resourceDirectory E:\WorkSpace\cn.gyyx.demo\demo-root\demo-beans\src\test\resources
2015-11-25 14:54:58,671 [Worker-24] INFO  o.e.m.c.i.embedder.EclipseLogger - Using 'UTF-8' encoding to copy filtered resources.
2015-11-25 14:54:58,671 [Worker-24] INFO  o.e.m.c.i.embedder.EclipseLogger - skip non existing resourceDirectory E:\WorkSpace\cn.gyyx.demo\demo-root\demo-bll\src\main\resources
2015-11-25 14:54:58,673 [Worker-24] INFO  o.e.m.c.i.embedder.EclipseLogger - Using 'UTF-8' encoding to copy filtered resources.
2015-11-25 14:54:58,674 [Worker-24] INFO  o.e.m.c.i.embedder.EclipseLogger - skip non existing resourceDirectory E:\WorkSpace\cn.gyyx.demo\demo-root\demo-bll\src\test\resources
2015-11-25 14:54:58,684 [Worker-24] INFO  o.e.m.c.i.embedder.EclipseLogger - Using 'UTF-8' encoding to copy filtered resources.
2015-11-25 14:54:58,684 [Worker-24] INFO  o.e.m.c.i.embedder.EclipseLogger - skip non existing resourceDirectory E:\WorkSpace\cn.gyyx.demo\demo-root\demo-dao\src\main\resources
2015-11-25 14:54:58,685 [Worker-24] INFO  o.e.m.c.i.embedder.EclipseLogger - Using 'UTF-8' encoding to copy filtered resources.
2015-11-25 14:54:58,685 [Worker-24] INFO  o.e.m.c.i.embedder.EclipseLogger - skip non existing resourceDirectory E:\WorkSpace\cn.gyyx.demo\demo-root\demo-dao\src\test\resources
2015-11-25 14:55:10,489 [Worker-8] WARN  o.e.m.c.i.embedder.EclipseLogger - Using platform encoding (GBK actually) to copy filtered resources, i.e. build is platform dependent!
2015-11-25 14:55:10,490 [Worker-8] INFO  o.e.m.c.i.embedder.EclipseLogger - Copying 0 resource
2015-11-25 14:55:10,492 [Worker-8] WARN  o.e.m.c.i.embedder.EclipseLogger - Using platform encoding (GBK actually) to copy filtered resources, i.e. build is platform dependent!
2015-11-25 14:55:10,493 [Worker-8] INFO  o.e.m.c.i.embedder.EclipseLogger - Copying 0 resource
2015-11-25 14:55:40,283 [Worker-19] WARN  o.e.m.c.i.embedder.EclipseLogger - Using platform encoding (GBK actually) to copy filtered resources, i.e. build is platform dependent!
2015-11-25 14:55:40,284 [Worker-19] INFO  o.e.m.c.i.embedder.EclipseLogger - Copying 0 resource
2015-11-25 14:55:40,285 [Worker-19] WARN  o.e.m.c.i.embedder.EclipseLogger - Using platform encoding (GBK actually) to copy filtered resources, i.e. build is platform dependent!
2015-11-25 14:55:40,286 [Worker-19] INFO  o.e.m.c.i.embedder.EclipseLogger - Copying 0 resource
2015-11-25 15:06:08,075 [Worker-4] INFO  o.e.m.c.i.l.LifecycleMappingFactory - Using NULL lifecycle mapping for MavenProject: gyyx.cn.demo:demo-root:0.0.1 @ E:\WorkSpace\cn.gyyx.demo\demo-root\pom.xml.
2015-11-25 15:06:09,392 [Worker-11] INFO  o.e.m.c.i.l.LifecycleMappingFactory - Using NULL lifecycle mapping for MavenProject: gyyx.cn.demo:demo-root:0.0.1 @ E:\WorkSpace\cn.gyyx.demo\demo-root\pom.xml.
2015-11-25 15:06:54,731 [Worker-10] INFO  o.e.m.c.i.p.ProjectConfigurationManager - Collecting project info '/pom.xml' E:\WorkSpace\cn.gyyx.demo\demo-root\demo-dao\pom.xml
2015-11-25 15:06:55,143 [Worker-10] INFO  o.e.m.c.i.l.LifecycleMappingFactory - Using org.eclipse.m2e.jdt.JarLifecycleMapping lifecycle mapping for MavenProject: gyyx.cn.demo:demo-dao:0.0.1 @ E:\WorkSpace\cn.gyyx.demo\demo-root\demo-dao\pom.xml.
2015-11-25 15:06:55,640 [Worker-10] INFO  o.e.m.j.i.AbstractJavaProjectConfigurator - Adding source folder /demo-dao/src/main/java
2015-11-25 15:06:55,643 [Worker-10] INFO  o.e.m.j.i.AbstractJavaProjectConfigurator - Adding source folder /demo-dao/src/test/java
2015-11-25 15:06:55,717 [Worker-10] INFO  o.e.m.c.i.p.ProjectConfigurationManager - Project import completed 0 sec
2015-11-25 15:06:55,790 [Worker-10] ERROR o.e.m.c.u.i.w.MavenModuleWizard - Cannot add module to parent POM
java.lang.NullPointerException: null
	at org.eclipse.m2e.core.ui.internal.editing.PomEdits.getChild(PomEdits.java:279) ~[org.eclipse.m2e.core.ui_1.4.1.20140328-1905.jar:na]
	at org.eclipse.m2e.core.ui.internal.wizards.MavenModuleWizard$7$1.process(MavenModuleWizard.java:280) ~[org.eclipse.m2e.core.ui_1.4.1.20140328-1905.jar:na]
	at org.eclipse.m2e.core.ui.internal.editing.PomEdits.performOnDOMDocument(PomEdits.java:460) ~[org.eclipse.m2e.core.ui_1.4.1.20140328-1905.jar:na]
	at org.eclipse.m2e.core.ui.internal.wizards.MavenModuleWizard$7.done(MavenModuleWizard.java:277) ~[org.eclipse.m2e.core.ui_1.4.1.20140328-1905.jar:na]
	at org.eclipse.core.internal.jobs.JobListeners$3.notify(JobListeners.java:39) [org.eclipse.core.jobs_3.5.300.v20130429-1813.jar:na]
	at org.eclipse.core.internal.jobs.JobListeners.doNotify(JobListeners.java:112) [org.eclipse.core.jobs_3.5.300.v20130429-1813.jar:na]
	at org.eclipse.core.internal.jobs.JobListeners.done(JobListeners.java:152) [org.eclipse.core.jobs_3.5.300.v20130429-1813.jar:na]
	at org.eclipse.core.internal.jobs.JobManager.endJob(JobManager.java:647) [org.eclipse.core.jobs_3.5.300.v20130429-1813.jar:na]
	at org.eclipse.core.internal.jobs.WorkerPool.endJob(WorkerPool.java:105) [org.eclipse.core.jobs_3.5.300.v20130429-1813.jar:na]
	at org.eclipse.core.internal.jobs.Worker.run(Worker.java:70) [org.eclipse.core.jobs_3.5.300.v20130429-1813.jar:na]
2015-11-25 15:06:56,356 [Worker-12] INFO  o.e.m.c.i.l.LifecycleMappingFactory - Using org.eclipse.m2e.jdt.JarLifecycleMapping lifecycle mapping for MavenProject: gyyx.cn.demo:demo-dao:0.0.1 @ E:\WorkSpace\cn.gyyx.demo\demo-root\demo-dao\pom.xml.
2015-11-25 15:06:56,581 [Worker-12] INFO  o.e.m.c.i.embedder.EclipseLogger - Using 'UTF-8' encoding to copy filtered resources.
2015-11-25 15:06:56,581 [Worker-12] INFO  o.e.m.c.i.embedder.EclipseLogger - skip non existing resourceDirectory E:\WorkSpace\cn.gyyx.demo\demo-root\demo-dao\src\main\resources
2015-11-25 15:06:56,584 [Worker-12] INFO  o.e.m.c.i.embedder.EclipseLogger - Using 'UTF-8' encoding to copy filtered resources.
2015-11-25 15:06:56,585 [Worker-12] INFO  o.e.m.c.i.embedder.EclipseLogger - skip non existing resourceDirectory E:\WorkSpace\cn.gyyx.demo\demo-root\demo-dao\src\test\resources
2015-11-25 15:06:56,832 [Worker-0] INFO  o.e.m.c.i.l.LifecycleMappingFactory - Using org.eclipse.m2e.jdt.JarLifecycleMapping lifecycle mapping for MavenProject: gyyx.cn.demo:demo-dao:0.0.1 @ E:\WorkSpace\cn.gyyx.demo\demo-root\demo-dao\pom.xml.
2015-11-25 15:06:57,775 [Worker-8] INFO  o.e.m.c.i.embedder.EclipseLogger - Using 'UTF-8' encoding to copy filtered resources.
2015-11-25 15:06:57,775 [Worker-8] INFO  o.e.m.c.i.embedder.EclipseLogger - skip non existing resourceDirectory E:\WorkSpace\cn.gyyx.demo\demo-root\demo-dao\src\main\resources
2015-11-25 15:06:57,777 [Worker-8] INFO  o.e.m.c.i.embedder.EclipseLogger - Using 'UTF-8' encoding to copy filtered resources.
2015-11-25 15:06:57,777 [Worker-8] INFO  o.e.m.c.i.embedder.EclipseLogger - skip non existing resourceDirectory E:\WorkSpace\cn.gyyx.demo\demo-root\demo-dao\src\test\resources
2015-11-25 15:07:22,657 [Worker-0] INFO  o.e.m.c.i.p.ProjectConfigurationManager - Collecting project info '/pom.xml' E:\WorkSpace\cn.gyyx.demo\demo-root\demo-beans\pom.xml
2015-11-25 15:07:22,706 [Worker-0] INFO  o.e.m.c.i.l.LifecycleMappingFactory - Using org.eclipse.m2e.jdt.JarLifecycleMapping lifecycle mapping for MavenProject: gyyx.cn.demo:demo-beans:0.0.1 @ E:\WorkSpace\cn.gyyx.demo\demo-root\demo-beans\pom.xml.
2015-11-25 15:07:22,928 [Worker-0] INFO  o.e.m.j.i.AbstractJavaProjectConfigurator - Adding source folder /demo-beans/src/main/java
2015-11-25 15:07:22,931 [Worker-0] INFO  o.e.m.j.i.AbstractJavaProjectConfigurator - Adding source folder /demo-beans/src/test/java
2015-11-25 15:07:22,967 [Worker-0] INFO  o.e.m.c.i.p.ProjectConfigurationManager - Project import completed 0 sec
2015-11-25 15:07:22,990 [Worker-0] ERROR o.e.m.c.u.i.w.MavenModuleWizard - Cannot add module to parent POM
java.lang.NullPointerException: null
	at org.eclipse.m2e.core.ui.internal.editing.PomEdits.getChild(PomEdits.java:279) ~[org.eclipse.m2e.core.ui_1.4.1.20140328-1905.jar:na]
	at org.eclipse.m2e.core.ui.internal.wizards.MavenModuleWizard$7$1.process(MavenModuleWizard.java:280) ~[org.eclipse.m2e.core.ui_1.4.1.20140328-1905.jar:na]
	at org.eclipse.m2e.core.ui.internal.editing.PomEdits.performOnDOMDocument(PomEdits.java:460) ~[org.eclipse.m2e.core.ui_1.4.1.20140328-1905.jar:na]
	at org.eclipse.m2e.core.ui.internal.wizards.MavenModuleWizard$7.done(MavenModuleWizard.java:277) ~[org.eclipse.m2e.core.ui_1.4.1.20140328-1905.jar:na]
	at org.eclipse.core.internal.jobs.JobListeners$3.notify(JobListeners.java:39) [org.eclipse.core.jobs_3.5.300.v20130429-1813.jar:na]
	at org.eclipse.core.internal.jobs.JobListeners.doNotify(JobListeners.java:112) [org.eclipse.core.jobs_3.5.300.v20130429-1813.jar:na]
	at org.eclipse.core.internal.jobs.JobListeners.done(JobListeners.java:152) [org.eclipse.core.jobs_3.5.300.v20130429-1813.jar:na]
	at org.eclipse.core.internal.jobs.JobManager.endJob(JobManager.java:647) [org.eclipse.core.jobs_3.5.300.v20130429-1813.jar:na]
	at org.eclipse.core.internal.jobs.WorkerPool.endJob(WorkerPool.java:105) [org.eclipse.core.jobs_3.5.300.v20130429-1813.jar:na]
	at org.eclipse.core.internal.jobs.Worker.run(Worker.java:70) [org.eclipse.core.jobs_3.5.300.v20130429-1813.jar:na]
2015-11-25 15:07:23,241 [Worker-10] INFO  o.e.m.c.i.l.LifecycleMappingFactory - Using org.eclipse.m2e.jdt.JarLifecycleMapping lifecycle mapping for MavenProject: gyyx.cn.demo:demo-beans:0.0.1 @ E:\WorkSpace\cn.gyyx.demo\demo-root\demo-beans\pom.xml.
2015-11-25 15:07:23,391 [Worker-10] INFO  o.e.m.c.i.embedder.EclipseLogger - Using 'UTF-8' encoding to copy filtered resources.
2015-11-25 15:07:23,391 [Worker-10] INFO  o.e.m.c.i.embedder.EclipseLogger - skip non existing resourceDirectory E:\WorkSpace\cn.gyyx.demo\demo-root\demo-beans\src\main\resources
2015-11-25 15:07:23,393 [Worker-10] INFO  o.e.m.c.i.embedder.EclipseLogger - Using 'UTF-8' encoding to copy filtered resources.
2015-11-25 15:07:23,394 [Worker-10] INFO  o.e.m.c.i.embedder.EclipseLogger - skip non existing resourceDirectory E:\WorkSpace\cn.gyyx.demo\demo-root\demo-beans\src\test\resources
2015-11-25 15:07:24,089 [Worker-8] INFO  o.e.m.c.i.l.LifecycleMappingFactory - Using org.eclipse.m2e.jdt.JarLifecycleMapping lifecycle mapping for MavenProject: gyyx.cn.demo:demo-beans:0.0.1 @ E:\WorkSpace\cn.gyyx.demo\demo-root\demo-beans\pom.xml.
2015-11-25 15:07:24,473 [Worker-8] INFO  o.e.m.c.i.embedder.EclipseLogger - Using 'UTF-8' encoding to copy filtered resources.
2015-11-25 15:07:24,473 [Worker-8] INFO  o.e.m.c.i.embedder.EclipseLogger - skip non existing resourceDirectory E:\WorkSpace\cn.gyyx.demo\demo-root\demo-beans\src\main\resources
2015-11-25 15:07:24,476 [Worker-8] INFO  o.e.m.c.i.embedder.EclipseLogger - Using 'UTF-8' encoding to copy filtered resources.
2015-11-25 15:07:24,476 [Worker-8] INFO  o.e.m.c.i.embedder.EclipseLogger - skip non existing resourceDirectory E:\WorkSpace\cn.gyyx.demo\demo-root\demo-beans\src\test\resources
2015-11-25 15:08:30,209 [Worker-11] INFO  o.e.m.c.i.p.ProjectConfigurationManager - Collecting project info '/pom.xml' E:\WorkSpace\cn.gyyx.demo\demo-root\demo-service\pom.xml
2015-11-25 15:08:30,256 [Worker-11] INFO  o.e.m.c.i.l.LifecycleMappingFactory - Using org.eclipse.m2e.jdt.JarLifecycleMapping lifecycle mapping for MavenProject: gyyx.cn.demo:demo-service:0.0.1 @ E:\WorkSpace\cn.gyyx.demo\demo-root\demo-service\pom.xml.
2015-11-25 15:08:30,427 [Worker-11] INFO  o.e.m.j.i.AbstractJavaProjectConfigurator - Adding source folder /demo-service/src/main/java
2015-11-25 15:08:30,430 [Worker-11] INFO  o.e.m.j.i.AbstractJavaProjectConfigurator - Adding source folder /demo-service/src/test/java
2015-11-25 15:08:30,475 [Worker-11] INFO  o.e.m.c.i.p.ProjectConfigurationManager - Project import completed 0 sec
2015-11-25 15:08:30,496 [Worker-11] ERROR o.e.m.c.u.i.w.MavenModuleWizard - Cannot add module to parent POM
java.lang.NullPointerException: null
	at org.eclipse.m2e.core.ui.internal.editing.PomEdits.getChild(PomEdits.java:279) ~[org.eclipse.m2e.core.ui_1.4.1.20140328-1905.jar:na]
	at org.eclipse.m2e.core.ui.internal.wizards.MavenModuleWizard$7$1.process(MavenModuleWizard.java:280) ~[org.eclipse.m2e.core.ui_1.4.1.20140328-1905.jar:na]
	at org.eclipse.m2e.core.ui.internal.editing.PomEdits.performOnDOMDocument(PomEdits.java:460) ~[org.eclipse.m2e.core.ui_1.4.1.20140328-1905.jar:na]
	at org.eclipse.m2e.core.ui.internal.wizards.MavenModuleWizard$7.done(MavenModuleWizard.java:277) ~[org.eclipse.m2e.core.ui_1.4.1.20140328-1905.jar:na]
	at org.eclipse.core.internal.jobs.JobListeners$3.notify(JobListeners.java:39) [org.eclipse.core.jobs_3.5.300.v20130429-1813.jar:na]
	at org.eclipse.core.internal.jobs.JobListeners.doNotify(JobListeners.java:112) [org.eclipse.core.jobs_3.5.300.v20130429-1813.jar:na]
	at org.eclipse.core.internal.jobs.JobListeners.done(JobListeners.java:152) [org.eclipse.core.jobs_3.5.300.v20130429-1813.jar:na]
	at org.eclipse.core.internal.jobs.JobManager.endJob(JobManager.java:647) [org.eclipse.core.jobs_3.5.300.v20130429-1813.jar:na]
	at org.eclipse.core.internal.jobs.WorkerPool.endJob(WorkerPool.java:105) [org.eclipse.core.jobs_3.5.300.v20130429-1813.jar:na]
	at org.eclipse.core.internal.jobs.Worker.run(Worker.java:70) [org.eclipse.core.jobs_3.5.300.v20130429-1813.jar:na]
2015-11-25 15:08:30,750 [Worker-14] INFO  o.e.m.c.i.l.LifecycleMappingFactory - Using org.eclipse.m2e.jdt.JarLifecycleMapping lifecycle mapping for MavenProject: gyyx.cn.demo:demo-service:0.0.1 @ E:\WorkSpace\cn.gyyx.demo\demo-root\demo-service\pom.xml.
2015-11-25 15:08:30,889 [Worker-14] INFO  o.e.m.c.i.embedder.EclipseLogger - Using 'UTF-8' encoding to copy filtered resources.
2015-11-25 15:08:30,889 [Worker-14] INFO  o.e.m.c.i.embedder.EclipseLogger - skip non existing resourceDirectory E:\WorkSpace\cn.gyyx.demo\demo-root\demo-service\src\main\resources
2015-11-25 15:08:30,890 [Worker-14] INFO  o.e.m.c.i.embedder.EclipseLogger - Using 'UTF-8' encoding to copy filtered resources.
2015-11-25 15:08:30,890 [Worker-14] INFO  o.e.m.c.i.embedder.EclipseLogger - skip non existing resourceDirectory E:\WorkSpace\cn.gyyx.demo\demo-root\demo-service\src\test\resources
2015-11-25 15:08:31,576 [Worker-0] INFO  o.e.m.c.i.l.LifecycleMappingFactory - Using org.eclipse.m2e.jdt.JarLifecycleMapping lifecycle mapping for MavenProject: gyyx.cn.demo:demo-service:0.0.1 @ E:\WorkSpace\cn.gyyx.demo\demo-root\demo-service\pom.xml.
2015-11-25 15:08:31,968 [Worker-10] INFO  o.e.m.c.i.embedder.EclipseLogger - Using 'UTF-8' encoding to copy filtered resources.
2015-11-25 15:08:31,968 [Worker-10] INFO  o.e.m.c.i.embedder.EclipseLogger - skip non existing resourceDirectory E:\WorkSpace\cn.gyyx.demo\demo-root\demo-service\src\main\resources
2015-11-25 15:08:31,970 [Worker-10] INFO  o.e.m.c.i.embedder.EclipseLogger - Using 'UTF-8' encoding to copy filtered resources.
2015-11-25 15:08:31,970 [Worker-10] INFO  o.e.m.c.i.embedder.EclipseLogger - skip non existing resourceDirectory E:\WorkSpace\cn.gyyx.demo\demo-root\demo-service\src\test\resources
2015-11-25 15:08:49,849 [Worker-8] INFO  o.e.m.c.i.p.ProjectConfigurationManager - Collecting project info '/pom.xml' E:\WorkSpace\cn.gyyx.demo\demo-root\demo-bll\pom.xml
2015-11-25 15:08:49,896 [Worker-8] INFO  o.e.m.c.i.l.LifecycleMappingFactory - Using org.eclipse.m2e.jdt.JarLifecycleMapping lifecycle mapping for MavenProject: gyyx.cn.demo:demo-bll:0.0.1 @ E:\WorkSpace\cn.gyyx.demo\demo-root\demo-bll\pom.xml.
2015-11-25 15:08:50,010 [Worker-8] INFO  o.e.m.j.i.AbstractJavaProjectConfigurator - Adding source folder /demo-bll/src/main/java
2015-11-25 15:08:50,013 [Worker-8] INFO  o.e.m.j.i.AbstractJavaProjectConfigurator - Adding source folder /demo-bll/src/test/java
2015-11-25 15:08:50,044 [Worker-8] INFO  o.e.m.c.i.p.ProjectConfigurationManager - Project import completed 0 sec
2015-11-25 15:08:50,072 [Worker-8] ERROR o.e.m.c.u.i.w.MavenModuleWizard - Cannot add module to parent POM
java.lang.NullPointerException: null
	at org.eclipse.m2e.core.ui.internal.editing.PomEdits.getChild(PomEdits.java:279) ~[org.eclipse.m2e.core.ui_1.4.1.20140328-1905.jar:na]
	at org.eclipse.m2e.core.ui.internal.wizards.MavenModuleWizard$7$1.process(MavenModuleWizard.java:280) ~[org.eclipse.m2e.core.ui_1.4.1.20140328-1905.jar:na]
	at org.eclipse.m2e.core.ui.internal.editing.PomEdits.performOnDOMDocument(PomEdits.java:460) ~[org.eclipse.m2e.core.ui_1.4.1.20140328-1905.jar:na]
	at org.eclipse.m2e.core.ui.internal.wizards.MavenModuleWizard$7.done(MavenModuleWizard.java:277) ~[org.eclipse.m2e.core.ui_1.4.1.20140328-1905.jar:na]
	at org.eclipse.core.internal.jobs.JobListeners$3.notify(JobListeners.java:39) [org.eclipse.core.jobs_3.5.300.v20130429-1813.jar:na]
	at org.eclipse.core.internal.jobs.JobListeners.doNotify(JobListeners.java:112) [org.eclipse.core.jobs_3.5.300.v20130429-1813.jar:na]
	at org.eclipse.core.internal.jobs.JobListeners.done(JobListeners.java:152) [org.eclipse.core.jobs_3.5.300.v20130429-1813.jar:na]
	at org.eclipse.core.internal.jobs.JobManager.endJob(JobManager.java:647) [org.eclipse.core.jobs_3.5.300.v20130429-1813.jar:na]
	at org.eclipse.core.internal.jobs.WorkerPool.endJob(WorkerPool.java:105) [org.eclipse.core.jobs_3.5.300.v20130429-1813.jar:na]
	at org.eclipse.core.internal.jobs.Worker.run(Worker.java:70) [org.eclipse.core.jobs_3.5.300.v20130429-1813.jar:na]
2015-11-25 15:08:50,309 [Worker-14] INFO  o.e.m.c.i.l.LifecycleMappingFactory - Using org.eclipse.m2e.jdt.JarLifecycleMapping lifecycle mapping for MavenProject: gyyx.cn.demo:demo-bll:0.0.1 @ E:\WorkSpace\cn.gyyx.demo\demo-root\demo-bll\pom.xml.
2015-11-25 15:08:50,446 [Worker-14] INFO  o.e.m.c.i.embedder.EclipseLogger - Using 'UTF-8' encoding to copy filtered resources.
2015-11-25 15:08:50,446 [Worker-14] INFO  o.e.m.c.i.embedder.EclipseLogger - skip non existing resourceDirectory E:\WorkSpace\cn.gyyx.demo\demo-root\demo-bll\src\main\resources
2015-11-25 15:08:50,448 [Worker-14] INFO  o.e.m.c.i.embedder.EclipseLogger - Using 'UTF-8' encoding to copy filtered resources.
2015-11-25 15:08:50,449 [Worker-14] INFO  o.e.m.c.i.embedder.EclipseLogger - skip non existing resourceDirectory E:\WorkSpace\cn.gyyx.demo\demo-root\demo-bll\src\test\resources
2015-11-25 15:08:51,171 [Worker-8] INFO  o.e.m.c.i.l.LifecycleMappingFactory - Using org.eclipse.m2e.jdt.JarLifecycleMapping lifecycle mapping for MavenProject: gyyx.cn.demo:demo-bll:0.0.1 @ E:\WorkSpace\cn.gyyx.demo\demo-root\demo-bll\pom.xml.
2015-11-25 15:08:51,530 [Worker-8] INFO  o.e.m.c.i.embedder.EclipseLogger - Using 'UTF-8' encoding to copy filtered resources.
2015-11-25 15:08:51,530 [Worker-8] INFO  o.e.m.c.i.embedder.EclipseLogger - skip non existing resourceDirectory E:\WorkSpace\cn.gyyx.demo\demo-root\demo-bll\src\main\resources
2015-11-25 15:08:51,535 [Worker-8] INFO  o.e.m.c.i.embedder.EclipseLogger - Using 'UTF-8' encoding to copy filtered resources.
2015-11-25 15:08:51,535 [Worker-8] INFO  o.e.m.c.i.embedder.EclipseLogger - skip non existing resourceDirectory E:\WorkSpace\cn.gyyx.demo\demo-root\demo-bll\src\test\resources
2015-11-25 15:10:04,920 [Worker-15] INFO  o.e.m.c.i.l.LifecycleMappingFactory - Using org.maven.ide.eclipse.wtp.WarLifecycleMapping lifecycle mapping for MavenProject: cn.gyyx:demo:1.0.0-BUILD-SNAPSHOT @ E:\WorkSpace\cn.gyyx.demo\demo-root\demo-ui\pom.xml.
2015-11-25 15:10:04,935 [Worker-0] INFO  o.e.m.c.i.l.LifecycleMappingFactory - Using org.maven.ide.eclipse.wtp.WarLifecycleMapping lifecycle mapping for MavenProject: cn.gyyx:demo:1.0.0-BUILD-SNAPSHOT @ E:\WorkSpace\cn.gyyx.demo\demo-root\demo-ui\pom.xml.
2015-11-25 15:10:06,000 [Worker-0] WARN  o.e.m.c.i.embedder.EclipseLogger - Using platform encoding (GBK actually) to copy filtered resources, i.e. build is platform dependent!
2015-11-25 15:10:06,004 [Worker-0] INFO  o.e.m.c.i.embedder.EclipseLogger - Copying 1 resource
2015-11-25 15:10:06,011 [Worker-0] WARN  o.e.m.c.i.embedder.EclipseLogger - Using platform encoding (GBK actually) to copy filtered resources, i.e. build is platform dependent!
2015-11-25 15:10:06,012 [Worker-0] INFO  o.e.m.c.i.embedder.EclipseLogger - Copying 1 resource
2015-11-25 15:10:06,867 [Worker-0] WARN  o.e.m.c.i.embedder.EclipseLogger - Using platform encoding (GBK actually) to copy filtered resources, i.e. build is platform dependent!
2015-11-25 15:10:06,868 [Worker-0] INFO  o.e.m.c.i.embedder.EclipseLogger - Copying 1 resource
2015-11-25 15:10:06,870 [Worker-0] WARN  o.e.m.c.i.embedder.EclipseLogger - Using platform encoding (GBK actually) to copy filtered resources, i.e. build is platform dependent!
2015-11-25 15:10:06,871 [Worker-0] INFO  o.e.m.c.i.embedder.EclipseLogger - Copying 1 resource
2015-11-25 15:10:08,013 [Worker-10] INFO  o.e.m.c.i.l.LifecycleMappingFactory - Using org.maven.ide.eclipse.wtp.WarLifecycleMapping lifecycle mapping for MavenProject: cn.gyyx:demo:1.0.0-BUILD-SNAPSHOT @ E:\WorkSpace\cn.gyyx.demo\demo-root\demo-ui\pom.xml.
2015-11-25 15:10:08,335 [Worker-19] WARN  o.e.m.c.i.embedder.EclipseLogger - Using platform encoding (GBK actually) to copy filtered resources, i.e. build is platform dependent!
2015-11-25 15:10:08,337 [Worker-19] INFO  o.e.m.c.i.embedder.EclipseLogger - Copying 0 resource
2015-11-25 15:10:08,338 [Worker-19] WARN  o.e.m.c.i.embedder.EclipseLogger - Using platform encoding (GBK actually) to copy filtered resources, i.e. build is platform dependent!
2015-11-25 15:10:08,339 [Worker-19] INFO  o.e.m.c.i.embedder.EclipseLogger - Copying 0 resource
2015-11-25 15:10:10,537 [Worker-17] INFO  o.e.m.c.i.l.LifecycleMappingFactory - Using NULL lifecycle mapping for MavenProject: gyyx.cn.demo:demo-root:0.0.1 @ E:\WorkSpace\cn.gyyx.demo\demo-root\pom.xml.
2015-11-25 15:10:10,558 [Worker-17] INFO  o.e.m.c.i.l.LifecycleMappingFactory - Using org.eclipse.m2e.jdt.JarLifecycleMapping lifecycle mapping for MavenProject: gyyx.cn.demo:demo-dao:0.0.1 @ E:\WorkSpace\cn.gyyx.demo\demo-root\demo-dao\pom.xml.
2015-11-25 15:10:10,577 [Worker-17] INFO  o.e.m.c.i.l.LifecycleMappingFactory - Using org.eclipse.m2e.jdt.JarLifecycleMapping lifecycle mapping for MavenProject: gyyx.cn.demo:demo-beans:0.0.1 @ E:\WorkSpace\cn.gyyx.demo\demo-root\demo-beans\pom.xml.
2015-11-25 15:10:10,594 [Worker-17] INFO  o.e.m.c.i.l.LifecycleMappingFactory - Using org.eclipse.m2e.jdt.JarLifecycleMapping lifecycle mapping for MavenProject: gyyx.cn.demo:demo-service:0.0.1 @ E:\WorkSpace\cn.gyyx.demo\demo-root\demo-service\pom.xml.
2015-11-25 15:10:10,641 [Worker-17] INFO  o.e.m.c.i.l.LifecycleMappingFactory - Using org.eclipse.m2e.jdt.JarLifecycleMapping lifecycle mapping for MavenProject: gyyx.cn.demo:demo-bll:0.0.1 @ E:\WorkSpace\cn.gyyx.demo\demo-root\demo-bll\pom.xml.
2015-11-25 15:10:10,893 [Worker-17] INFO  o.e.m.c.i.embedder.EclipseLogger - Using 'UTF-8' encoding to copy filtered resources.
2015-11-25 15:10:10,893 [Worker-17] INFO  o.e.m.c.i.embedder.EclipseLogger - skip non existing resourceDirectory E:\WorkSpace\cn.gyyx.demo\demo-root\demo-service\src\main\resources
2015-11-25 15:10:10,894 [Worker-17] INFO  o.e.m.c.i.embedder.EclipseLogger - Using 'UTF-8' encoding to copy filtered resources.
2015-11-25 15:10:10,895 [Worker-17] INFO  o.e.m.c.i.embedder.EclipseLogger - skip non existing resourceDirectory E:\WorkSpace\cn.gyyx.demo\demo-root\demo-service\src\test\resources
2015-11-25 15:10:12,031 [Worker-10] INFO  o.e.m.c.i.embedder.EclipseLogger - Using 'UTF-8' encoding to copy filtered resources.
2015-11-25 15:10:12,031 [Worker-10] INFO  o.e.m.c.i.embedder.EclipseLogger - skip non existing resourceDirectory E:\WorkSpace\cn.gyyx.demo\demo-root\demo-beans\src\main\resources
2015-11-25 15:10:12,032 [Worker-10] INFO  o.e.m.c.i.embedder.EclipseLogger - Using 'UTF-8' encoding to copy filtered resources.
2015-11-25 15:10:12,032 [Worker-10] INFO  o.e.m.c.i.embedder.EclipseLogger - skip non existing resourceDirectory E:\WorkSpace\cn.gyyx.demo\demo-root\demo-beans\src\test\resources
2015-11-25 15:10:12,042 [Worker-10] INFO  o.e.m.c.i.embedder.EclipseLogger - Using 'UTF-8' encoding to copy filtered resources.
2015-11-25 15:10:12,042 [Worker-10] INFO  o.e.m.c.i.embedder.EclipseLogger - skip non existing resourceDirectory E:\WorkSpace\cn.gyyx.demo\demo-root\demo-bll\src\main\resources
2015-11-25 15:10:12,043 [Worker-10] INFO  o.e.m.c.i.embedder.EclipseLogger - Using 'UTF-8' encoding to copy filtered resources.
2015-11-25 15:10:12,043 [Worker-10] INFO  o.e.m.c.i.embedder.EclipseLogger - skip non existing resourceDirectory E:\WorkSpace\cn.gyyx.demo\demo-root\demo-bll\src\test\resources
2015-11-25 15:10:12,052 [Worker-10] INFO  o.e.m.c.i.embedder.EclipseLogger - Using 'UTF-8' encoding to copy filtered resources.
2015-11-25 15:10:12,052 [Worker-10] INFO  o.e.m.c.i.embedder.EclipseLogger - skip non existing resourceDirectory E:\WorkSpace\cn.gyyx.demo\demo-root\demo-dao\src\main\resources
2015-11-25 15:10:12,053 [Worker-10] INFO  o.e.m.c.i.embedder.EclipseLogger - Using 'UTF-8' encoding to copy filtered resources.
2015-11-25 15:10:12,053 [Worker-10] INFO  o.e.m.c.i.embedder.EclipseLogger - skip non existing resourceDirectory E:\WorkSpace\cn.gyyx.demo\demo-root\demo-dao\src\test\resources
2015-11-25 15:10:23,910 [Worker-10] INFO  o.e.m.c.i.l.LifecycleMappingFactory - Using NULL lifecycle mapping for MavenProject: gyyx.cn.demo:demo-root:0.0.1 @ E:\WorkSpace\cn.gyyx.demo\demo-root\pom.xml.
2015-11-25 15:10:23,933 [Worker-10] INFO  o.e.m.c.i.l.LifecycleMappingFactory - Using org.eclipse.m2e.jdt.JarLifecycleMapping lifecycle mapping for MavenProject: gyyx.cn.demo:demo-bll:0.0.1 @ E:\WorkSpace\cn.gyyx.demo\demo-root\demo-bll\pom.xml.
2015-11-25 15:10:23,950 [Worker-10] INFO  o.e.m.c.i.l.LifecycleMappingFactory - Using org.eclipse.m2e.jdt.JarLifecycleMapping lifecycle mapping for MavenProject: gyyx.cn.demo:demo-beans:0.0.1 @ E:\WorkSpace\cn.gyyx.demo\demo-root\demo-beans\pom.xml.
2015-11-25 15:10:23,968 [Worker-10] INFO  o.e.m.c.i.l.LifecycleMappingFactory - Using org.eclipse.m2e.jdt.JarLifecycleMapping lifecycle mapping for MavenProject: gyyx.cn.demo:demo-service:0.0.1 @ E:\WorkSpace\cn.gyyx.demo\demo-root\demo-service\pom.xml.
2015-11-25 15:10:23,986 [Worker-10] INFO  o.e.m.c.i.l.LifecycleMappingFactory - Using org.eclipse.m2e.jdt.JarLifecycleMapping lifecycle mapping for MavenProject: gyyx.cn.demo:demo-dao:0.0.1 @ E:\WorkSpace\cn.gyyx.demo\demo-root\demo-dao\pom.xml.
2015-11-25 15:10:24,197 [Worker-10] INFO  o.e.m.c.i.embedder.EclipseLogger - Using 'UTF-8' encoding to copy filtered resources.
2015-11-25 15:10:24,197 [Worker-10] INFO  o.e.m.c.i.embedder.EclipseLogger - skip non existing resourceDirectory E:\WorkSpace\cn.gyyx.demo\demo-root\demo-service\src\main\resources
2015-11-25 15:10:24,199 [Worker-10] INFO  o.e.m.c.i.embedder.EclipseLogger - Using 'UTF-8' encoding to copy filtered resources.
2015-11-25 15:10:24,199 [Worker-10] INFO  o.e.m.c.i.embedder.EclipseLogger - skip non existing resourceDirectory E:\WorkSpace\cn.gyyx.demo\demo-root\demo-service\src\test\resources
2015-11-25 15:10:25,341 [Worker-16] INFO  o.e.m.c.i.embedder.EclipseLogger - Using 'UTF-8' encoding to copy filtered resources.
2015-11-25 15:10:25,341 [Worker-16] INFO  o.e.m.c.i.embedder.EclipseLogger - skip non existing resourceDirectory E:\WorkSpace\cn.gyyx.demo\demo-root\demo-beans\src\main\resources
2015-11-25 15:10:25,346 [Worker-16] INFO  o.e.m.c.i.embedder.EclipseLogger - Using 'UTF-8' encoding to copy filtered resources.
2015-11-25 15:10:25,346 [Worker-16] INFO  o.e.m.c.i.embedder.EclipseLogger - skip non existing resourceDirectory E:\WorkSpace\cn.gyyx.demo\demo-root\demo-beans\src\test\resources
2015-11-25 15:10:25,357 [Worker-16] INFO  o.e.m.c.i.embedder.EclipseLogger - Using 'UTF-8' encoding to copy filtered resources.
2015-11-25 15:10:25,357 [Worker-16] INFO  o.e.m.c.i.embedder.EclipseLogger - skip non existing resourceDirectory E:\WorkSpace\cn.gyyx.demo\demo-root\demo-bll\src\main\resources
2015-11-25 15:10:25,359 [Worker-16] INFO  o.e.m.c.i.embedder.EclipseLogger - Using 'UTF-8' encoding to copy filtered resources.
2015-11-25 15:10:25,359 [Worker-16] INFO  o.e.m.c.i.embedder.EclipseLogger - skip non existing resourceDirectory E:\WorkSpace\cn.gyyx.demo\demo-root\demo-bll\src\test\resources
2015-11-25 15:10:25,370 [Worker-16] INFO  o.e.m.c.i.embedder.EclipseLogger - Using 'UTF-8' encoding to copy filtered resources.
2015-11-25 15:10:25,371 [Worker-16] INFO  o.e.m.c.i.embedder.EclipseLogger - skip non existing resourceDirectory E:\WorkSpace\cn.gyyx.demo\demo-root\demo-dao\src\main\resources
2015-11-25 15:10:25,372 [Worker-16] INFO  o.e.m.c.i.embedder.EclipseLogger - Using 'UTF-8' encoding to copy filtered resources.
2015-11-25 15:10:25,372 [Worker-16] INFO  o.e.m.c.i.embedder.EclipseLogger - skip non existing resourceDirectory E:\WorkSpace\cn.gyyx.demo\demo-root\demo-dao\src\test\resources
2015-11-25 15:11:16,082 [Worker-8] WARN  o.e.m.c.i.embedder.EclipseLogger - Using platform encoding (GBK actually) to copy filtered resources, i.e. build is platform dependent!
2015-11-25 15:11:16,083 [Worker-8] INFO  o.e.m.c.i.embedder.EclipseLogger - Copying 0 resource
2015-11-25 15:11:16,084 [Worker-8] WARN  o.e.m.c.i.embedder.EclipseLogger - Using platform encoding (GBK actually) to copy filtered resources, i.e. build is platform dependent!
2015-11-25 15:11:16,085 [Worker-8] INFO  o.e.m.c.i.embedder.EclipseLogger - Copying 0 resource
2015-11-25 15:12:49,832 [Worker-4] WARN  o.e.m.c.i.embedder.EclipseLogger - Using platform encoding (GBK actually) to copy filtered resources, i.e. build is platform dependent!
2015-11-25 15:12:49,833 [Worker-4] INFO  o.e.m.c.i.embedder.EclipseLogger - Copying 0 resource
2015-11-25 15:12:49,834 [Worker-4] WARN  o.e.m.c.i.embedder.EclipseLogger - Using platform encoding (GBK actually) to copy filtered resources, i.e. build is platform dependent!
2015-11-25 15:12:49,834 [Worker-4] INFO  o.e.m.c.i.embedder.EclipseLogger - Copying 0 resource
2015-11-25 15:12:50,015 [Worker-8] WARN  o.e.m.c.i.embedder.EclipseLogger - Using platform encoding (GBK actually) to copy filtered resources, i.e. build is platform dependent!
2015-11-25 15:12:50,016 [Worker-8] INFO  o.e.m.c.i.embedder.EclipseLogger - Copying 1 resource
2015-11-25 15:12:50,040 [Worker-8] WARN  o.e.m.c.i.embedder.EclipseLogger - Using platform encoding (GBK actually) to copy filtered resources, i.e. build is platform dependent!
2015-11-25 15:12:50,041 [Worker-8] INFO  o.e.m.c.i.embedder.EclipseLogger - Copying 1 resource
2015-11-25 15:41:36,203 [Worker-32] WARN  o.e.m.c.i.embedder.EclipseLogger - Using platform encoding (GBK actually) to copy filtered resources, i.e. build is platform dependent!
2015-11-25 15:41:36,204 [Worker-32] INFO  o.e.m.c.i.embedder.EclipseLogger - Copying 0 resource
2015-11-25 15:41:36,205 [Worker-32] WARN  o.e.m.c.i.embedder.EclipseLogger - Using platform encoding (GBK actually) to copy filtered resources, i.e. build is platform dependent!
2015-11-25 15:41:36,206 [Worker-32] INFO  o.e.m.c.i.embedder.EclipseLogger - Copying 0 resource
2015-11-25 15:42:02,507 [Worker-32] WARN  o.e.m.c.i.embedder.EclipseLogger - Using platform encoding (GBK actually) to copy filtered resources, i.e. build is platform dependent!
2015-11-25 15:42:02,508 [Worker-32] INFO  o.e.m.c.i.embedder.EclipseLogger - Copying 0 resource
2015-11-25 15:42:02,510 [Worker-32] WARN  o.e.m.c.i.embedder.EclipseLogger - Using platform encoding (GBK actually) to copy filtered resources, i.e. build is platform dependent!
2015-11-25 15:42:02,511 [Worker-32] INFO  o.e.m.c.i.embedder.EclipseLogger - Copying 0 resource
2015-11-25 15:43:13,195 [Worker-38] WARN  o.e.m.c.i.embedder.EclipseLogger - Using platform encoding (GBK actually) to copy filtered resources, i.e. build is platform dependent!
2015-11-25 15:43:13,196 [Worker-38] INFO  o.e.m.c.i.embedder.EclipseLogger - Copying 0 resource
2015-11-25 15:43:13,197 [Worker-38] WARN  o.e.m.c.i.embedder.EclipseLogger - Using platform encoding (GBK actually) to copy filtered resources, i.e. build is platform dependent!
2015-11-25 15:43:13,198 [Worker-38] INFO  o.e.m.c.i.embedder.EclipseLogger - Copying 0 resource
2015-11-25 15:43:46,381 [Worker-33] WARN  o.e.m.c.i.embedder.EclipseLogger - Using platform encoding (GBK actually) to copy filtered resources, i.e. build is platform dependent!
2015-11-25 15:43:46,382 [Worker-33] INFO  o.e.m.c.i.embedder.EclipseLogger - Copying 0 resource
2015-11-25 15:43:46,384 [Worker-33] WARN  o.e.m.c.i.embedder.EclipseLogger - Using platform encoding (GBK actually) to copy filtered resources, i.e. build is platform dependent!
2015-11-25 15:43:46,384 [Worker-33] INFO  o.e.m.c.i.embedder.EclipseLogger - Copying 0 resource
2015-11-30 08:14:54,906 [Worker-6] INFO  o.e.m.c.i.l.LifecycleMappingFactory - Using org.eclipse.m2e.jdt.JarLifecycleMapping lifecycle mapping for MavenProject: gyyx.cn.demo:demo-beans:0.0.1 @ E:\WorkSpace\cn.gyyx.demo\demo-root\demo-beans\pom.xml.
2015-11-30 08:14:56,197 [Worker-6] INFO  o.e.m.c.i.embedder.EclipseLogger - Using 'UTF-8' encoding to copy filtered resources.
2015-11-30 08:14:56,197 [Worker-6] INFO  o.e.m.c.i.embedder.EclipseLogger - skip non existing resourceDirectory E:\WorkSpace\cn.gyyx.demo\demo-root\demo-beans\src\main\resources
2015-11-30 08:14:56,199 [Worker-6] INFO  o.e.m.c.i.embedder.EclipseLogger - Using 'UTF-8' encoding to copy filtered resources.
2015-11-30 08:14:56,199 [Worker-6] INFO  o.e.m.c.i.embedder.EclipseLogger - skip non existing resourceDirectory E:\WorkSpace\cn.gyyx.demo\demo-root\demo-beans\src\test\resources
2015-11-30 08:14:59,680 [Worker-4] INFO  o.e.m.c.i.l.LifecycleMappingFactory - Using org.maven.ide.eclipse.wtp.WarLifecycleMapping lifecycle mapping for MavenProject: cn.gyyx:demo:1.0.0-BUILD-SNAPSHOT @ E:\WorkSpace\cn.gyyx.demo\demo-root\demo-ui\pom.xml.
2015-11-30 08:15:00,265 [Worker-4] WARN  o.e.m.c.i.embedder.EclipseLogger - Using platform encoding (GBK actually) to copy filtered resources, i.e. build is platform dependent!
2015-11-30 08:15:00,269 [Worker-4] INFO  o.e.m.c.i.embedder.EclipseLogger - Copying 1 resource
2015-11-30 08:15:00,277 [Worker-4] WARN  o.e.m.c.i.embedder.EclipseLogger - Using platform encoding (GBK actually) to copy filtered resources, i.e. build is platform dependent!
2015-11-30 08:15:00,278 [Worker-4] INFO  o.e.m.c.i.embedder.EclipseLogger - Copying 1 resource
2015-11-30 08:15:00,758 [Worker-3] INFO  o.e.m.c.i.l.LifecycleMappingFactory - Using org.eclipse.m2e.jdt.JarLifecycleMapping lifecycle mapping for MavenProject: gyyx.cn.demo:demo-bll:0.0.1 @ E:\WorkSpace\cn.gyyx.demo\demo-root\demo-bll\pom.xml.
2015-11-30 08:15:00,852 [Worker-3] INFO  o.e.m.c.i.embedder.EclipseLogger - Using 'UTF-8' encoding to copy filtered resources.
2015-11-30 08:15:00,852 [Worker-3] INFO  o.e.m.c.i.embedder.EclipseLogger - skip non existing resourceDirectory E:\WorkSpace\cn.gyyx.demo\demo-root\demo-bll\src\main\resources
2015-11-30 08:15:00,853 [Worker-3] INFO  o.e.m.c.i.embedder.EclipseLogger - Using 'UTF-8' encoding to copy filtered resources.
2015-11-30 08:15:00,853 [Worker-3] INFO  o.e.m.c.i.embedder.EclipseLogger - skip non existing resourceDirectory E:\WorkSpace\cn.gyyx.demo\demo-root\demo-bll\src\test\resources
2015-11-30 08:15:01,128 [Worker-3] INFO  o.e.m.c.i.l.LifecycleMappingFactory - Using org.eclipse.m2e.jdt.JarLifecycleMapping lifecycle mapping for MavenProject: gyyx.cn.demo:demo-dao:0.0.1 @ E:\WorkSpace\cn.gyyx.demo\demo-root\demo-dao\pom.xml.
2015-11-30 08:15:01,309 [Worker-3] INFO  o.e.m.c.i.embedder.EclipseLogger - Using 'UTF-8' encoding to copy filtered resources.
2015-11-30 08:15:01,310 [Worker-3] INFO  o.e.m.c.i.embedder.EclipseLogger - skip non existing resourceDirectory E:\WorkSpace\cn.gyyx.demo\demo-root\demo-dao\src\main\resources
2015-11-30 08:15:01,311 [Worker-3] INFO  o.e.m.c.i.embedder.EclipseLogger - Using 'UTF-8' encoding to copy filtered resources.
2015-11-30 08:15:01,311 [Worker-3] INFO  o.e.m.c.i.embedder.EclipseLogger - skip non existing resourceDirectory E:\WorkSpace\cn.gyyx.demo\demo-root\demo-dao\src\test\resources
2015-11-30 08:15:01,475 [Worker-3] INFO  o.e.m.c.i.l.LifecycleMappingFactory - Using NULL lifecycle mapping for MavenProject: gyyx.cn.demo:demo-root:0.0.1 @ E:\WorkSpace\cn.gyyx.demo\demo-root\pom.xml.
2015-11-30 08:15:01,501 [Worker-3] INFO  o.e.m.c.i.l.LifecycleMappingFactory - Using org.eclipse.m2e.jdt.JarLifecycleMapping lifecycle mapping for MavenProject: gyyx.cn.demo:demo-beans:0.0.1 @ E:\WorkSpace\cn.gyyx.demo\demo-root\demo-beans\pom.xml.
2015-11-30 08:15:01,526 [Worker-3] INFO  o.e.m.c.i.l.LifecycleMappingFactory - Using org.eclipse.m2e.jdt.JarLifecycleMapping lifecycle mapping for MavenProject: gyyx.cn.demo:demo-bll:0.0.1 @ E:\WorkSpace\cn.gyyx.demo\demo-root\demo-bll\pom.xml.
2015-11-30 08:15:01,553 [Worker-3] INFO  o.e.m.c.i.l.LifecycleMappingFactory - Using org.eclipse.m2e.jdt.JarLifecycleMapping lifecycle mapping for MavenProject: gyyx.cn.demo:demo-dao:0.0.1 @ E:\WorkSpace\cn.gyyx.demo\demo-root\demo-dao\pom.xml.
2015-11-30 08:15:02,057 [Worker-3] INFO  o.e.m.c.i.l.LifecycleMappingFactory - Using org.eclipse.m2e.jdt.JarLifecycleMapping lifecycle mapping for MavenProject: gyyx.cn.demo:demo-service:0.0.1 @ E:\WorkSpace\cn.gyyx.demo\demo-root\demo-service\pom.xml.
2015-11-30 08:15:02,175 [Worker-3] INFO  o.e.m.c.i.embedder.EclipseLogger - Using 'UTF-8' encoding to copy filtered resources.
2015-11-30 08:15:02,176 [Worker-3] INFO  o.e.m.c.i.embedder.EclipseLogger - skip non existing resourceDirectory E:\WorkSpace\cn.gyyx.demo\demo-root\demo-service\src\main\resources
2015-11-30 08:15:02,177 [Worker-3] INFO  o.e.m.c.i.embedder.EclipseLogger - Using 'UTF-8' encoding to copy filtered resources.
2015-11-30 08:15:02,177 [Worker-3] INFO  o.e.m.c.i.embedder.EclipseLogger - skip non existing resourceDirectory E:\WorkSpace\cn.gyyx.demo\demo-root\demo-service\src\test\resources
2015-11-30 08:15:03,320 [Worker-7] INFO  o.e.m.c.i.embedder.EclipseLogger - Using 'UTF-8' encoding to copy filtered resources.
2015-11-30 08:15:03,320 [Worker-7] INFO  o.e.m.c.i.embedder.EclipseLogger - skip non existing resourceDirectory E:\WorkSpace\cn.gyyx.demo\demo-root\demo-beans\src\main\resources
2015-11-30 08:15:03,322 [Worker-7] INFO  o.e.m.c.i.embedder.EclipseLogger - Using 'UTF-8' encoding to copy filtered resources.
2015-11-30 08:15:03,322 [Worker-7] INFO  o.e.m.c.i.embedder.EclipseLogger - skip non existing resourceDirectory E:\WorkSpace\cn.gyyx.demo\demo-root\demo-beans\src\test\resources
2015-11-30 08:15:03,335 [Worker-7] INFO  o.e.m.c.i.embedder.EclipseLogger - Using 'UTF-8' encoding to copy filtered resources.
2015-11-30 08:15:03,336 [Worker-7] INFO  o.e.m.c.i.embedder.EclipseLogger - skip non existing resourceDirectory E:\WorkSpace\cn.gyyx.demo\demo-root\demo-bll\src\main\resources
2015-11-30 08:15:03,337 [Worker-7] INFO  o.e.m.c.i.embedder.EclipseLogger - Using 'UTF-8' encoding to copy filtered resources.
2015-11-30 08:15:03,337 [Worker-7] INFO  o.e.m.c.i.embedder.EclipseLogger - skip non existing resourceDirectory E:\WorkSpace\cn.gyyx.demo\demo-root\demo-bll\src\test\resources
2015-11-30 08:15:03,374 [Worker-7] INFO  o.e.m.c.i.embedder.EclipseLogger - Using 'UTF-8' encoding to copy filtered resources.
2015-11-30 08:15:03,374 [Worker-7] INFO  o.e.m.c.i.embedder.EclipseLogger - skip non existing resourceDirectory E:\WorkSpace\cn.gyyx.demo\demo-root\demo-dao\src\main\resources
2015-11-30 08:15:03,377 [Worker-7] INFO  o.e.m.c.i.embedder.EclipseLogger - Using 'UTF-8' encoding to copy filtered resources.
2015-11-30 08:15:03,377 [Worker-7] INFO  o.e.m.c.i.embedder.EclipseLogger - skip non existing resourceDirectory E:\WorkSpace\cn.gyyx.demo\demo-root\demo-dao\src\test\resources
